<?xml version="1.0" encoding="UTF-8"?>
<testsuite xmlns:xsi="http://www.w3.org/2001/XMLSchema-instance" xsi:schemaLocation="https://maven.apache.org/surefire/maven-surefire-plugin/xsd/surefire-test-report.xsd" name="TestSuite" time="9.172" tests="4" errors="0" skipped="3" failures="1">
  <properties>
[...]
</properties>
  <testcase name="initTest" classname="TestScript.HomePageTest" time="8.903">
    <failure message="session not created: This version of ChromeDriver only supports Chrome version 80&#10;Build info: version: &apos;3.9.0&apos;, revision: &apos;698b3178f0&apos;, time: &apos;2018-02-05T14:26:55.441Z&apos;&#10;System info: host: &apos;ABC&apos;, ip: &apos;192.168.1.6&apos;, os.name: &apos;Windows 10&apos;, os.arch: &apos;amd64&apos;, os.version: &apos;10.0&apos;, java.version: &apos;1.8.0_231&apos;&#10;Driver info: driver.version: ChromeDriver&#10;remote stacktrace: Backtrace:&#10;	Ordinal0 [0x00D30AE3+1706723]&#10;	Ordinal0 [0x00C968C1+1075393]&#10;	Ordinal0 [0x00C0DFA9+516009]&#10;	Ordinal0 [0x00BA0554+66900]&#10;	Ordinal0 [0x00B9CCE2+52450]&#10;	Ordinal0 [0x00BBBFD7+180183]&#10;	Ordinal0 [0x00BBBDDD+179677]&#10;	Ordinal0 [0x00BB9D4B+171339]&#10;	Ordinal0 [0x00BA1D4A+73034]&#10;	Ordinal0 [0x00BA2DC0+77248]&#10;	Ordinal0 [0x00BA2D59+77145]&#10;	Ordinal0 [0x00CABB37+1162039]&#10;	GetHandleVerifier [0x00DCA7C6+508998]&#10;	GetHandleVerifier [0x00DCA504+508292]&#10;	GetHandleVerifier [0x00DDF617+594583]&#10;	GetHandleVerifier [0x00DCB036+511158]&#10;	Ordinal0 [0x00CA3FFC+1130492]&#10;	Ordinal0 [0x00CAD49B+1168539]&#10;	Ordinal0 [0x00CAD603+1168899]&#10;	Ordinal0 [0x00CC5B05+1268485]&#10;	BaseThreadInitThunk [0x758A6359+25]&#10;	RtlGetAppContainerNamedObjectPath [0x77A37B74+228]&#10;	RtlGetAppContainerNamedObjectPath [0x77A37B44+180]&#10;" type="org.openqa.selenium.SessionNotCreatedException">org.openqa.selenium.SessionNotCreatedException: 
session not created: This version of ChromeDriver only supports Chrome version 80
Build info: version: '3.9.0', revision: '698b3178f0', time: '2018-02-05T14:26:55.441Z'
System info: host: 'ABC', ip: '192.168.1.6', os.name: 'Windows 10', os.arch: 'amd64', os.version: '10.0', java.version: '1.8.0_231'
Driver info: driver.version: ChromeDriver
remote stacktrace: Backtrace:
	Ordinal0 [0x00D30AE3+1706723]
	Ordinal0 [0x00C968C1+1075393]
	Ordinal0 [0x00C0DFA9+516009]
	Ordinal0 [0x00BA0554+66900]
	Ordinal0 [0x00B9CCE2+52450]
	Ordinal0 [0x00BBBFD7+180183]
	Ordinal0 [0x00BBBDDD+179677]
	Ordinal0 [0x00BB9D4B+171339]
	Ordinal0 [0x00BA1D4A+73034]
	Ordinal0 [0x00BA2DC0+77248]
	Ordinal0 [0x00BA2D59+77145]
	Ordinal0 [0x00CABB37+1162039]
	GetHandleVerifier [0x00DCA7C6+508998]
	GetHandleVerifier [0x00DCA504+508292]
	GetHandleVerifier [0x00DDF617+594583]
	GetHandleVerifier [0x00DCB036+511158]
	Ordinal0 [0x00CA3FFC+1130492]
	Ordinal0 [0x00CAD49B+1168539]
	Ordinal0 [0x00CAD603+1168899]
	Ordinal0 [0x00CC5B05+1268485]
	BaseThreadInitThunk [0x758A6359+25]
	RtlGetAppContainerNamedObjectPath [0x77A37B74+228]
	RtlGetAppContainerNamedObjectPath [0x77A37B44+180]

</failure>
    <system-err><![CDATA[ERROR StatusLogger No log4j2 configuration file found. Using default configuration: logging only errors to the console. Set system property 'org.apache.logging.log4j.simplelog.StatusLogger.level' to TRACE to show Log4j2 internal initialization logging.
Starting ChromeDriver 80.0.3987.16 (320f6526c1632ad4f205ebce69b99a062ed78647-refs/branch-heads/3987@{#185}) on port 42965
Only local connections are allowed.
Please protect ports used by ChromeDriver and related test frameworks to prevent access by malicious code.
]]></system-err>
  </testcase>
  <testcase name="beforeClass" classname="TestScript.HomePageTest" time="0">
    <skipped/>
  </testcase>
  <testcase name="addANewComputerSucessfully" classname="TestScript.HomePageTest" time="0">
    <skipped/>
  </testcase>
  <testcase name="cleanUpTest" classname="TestScript.HomePageTest" time="0">
    <skipped/>
  </testcase>
</testsuite>